d:\buaa\junior\software project\qtguiapplication1\qtguiapplication1\x64\debug\qrc_qtguiapplication1.obj
d:\buaa\junior\software project\qtguiapplication1\qtguiapplication1\x64\debug\moc_qtguiapplication1.obj
d:\buaa\junior\software project\qtguiapplication1\qtguiapplication1\x64\debug\main.obj
d:\buaa\junior\software project\qtguiapplication1\qtguiapplication1\x64\debug\qtguiapplication1.obj
d:\buaa\junior\software project\qtguiapplication1\qtguiapplication1\x64\debug\vc142.pdb
d:\buaa\junior\software project\qtguiapplication1\x64\debug\qtguiapplication1.ilk
d:\buaa\junior\software project\qtguiapplication1\x64\debug\qtguiapplication1.exe
d:\buaa\junior\software project\qtguiapplication1\x64\debug\qtguiapplication1.pdb
d:\buaa\junior\software project\qtguiapplication1\qtguiapplication1\x64\debug\\moc\moc_qtguiapplication1.cpp
d:\buaa\junior\software project\qtguiapplication1\qtguiapplication1\x64\debug\uic\ui_qtguiapplication1.h
d:\buaa\junior\software project\qtguiapplication1\qtguiapplication1\x64\debug\rcc\qrc_qtguiapplication1.cpp
d:\buaa\junior\software project\qtguiapplication1\qtguiapplication1\x64\debug\moc\moc_qtguiapplication1.cpp
d:\buaa\junior\software project\qtguiapplication1\qtguiapplication1\x64\debug\\rcc\qrc_qtguiapplication1.cpp
d:\buaa\junior\software project\qtguiapplication1\qtguiapplication1\x64\debug\\uic\ui_qtguiapplication1.h
d:\buaa\junior\software project\qtguiapplication1\qtguiapplication1\x64\debug\qtguiapp.5400f49f.tlog\cl.15888.write.1.tlog
d:\buaa\junior\software project\qtguiapplication1\qtguiapplication1\x64\debug\qtguiapp.5400f49f.tlog\cl.command.1.tlog
d:\buaa\junior\software project\qtguiapplication1\qtguiapplication1\x64\debug\qtguiapp.5400f49f.tlog\cl.read.1.tlog
d:\buaa\junior\software project\qtguiapplication1\qtguiapplication1\x64\debug\qtguiapp.5400f49f.tlog\link.command.1.tlog
d:\buaa\junior\software project\qtguiapplication1\qtguiapplication1\x64\debug\qtguiapp.5400f49f.tlog\link.read.1.tlog
d:\buaa\junior\software project\qtguiapplication1\qtguiapplication1\x64\debug\qtguiapp.5400f49f.tlog\link.write.1.tlog
d:\buaa\junior\software project\qtguiapplication1\qtguiapplication1\x64\debug\qtguiapp.5400f49f.tlog\moc.read.1u.tlog
d:\buaa\junior\software project\qtguiapplication1\qtguiapplication1\x64\debug\qtguiapp.5400f49f.tlog\moc.write.1u.tlog
d:\buaa\junior\software project\qtguiapplication1\qtguiapplication1\x64\debug\qtguiapp.5400f49f.tlog\qtguiapplication1.write.1u.tlog
d:\buaa\junior\software project\qtguiapplication1\qtguiapplication1\x64\debug\qtguiapp.5400f49f.tlog\rcc.read.1u.tlog
d:\buaa\junior\software project\qtguiapplication1\qtguiapplication1\x64\debug\qtguiapp.5400f49f.tlog\rcc.write.1u.tlog
d:\buaa\junior\software project\qtguiapplication1\qtguiapplication1\x64\debug\qtguiapp.5400f49f.tlog\uic.read.1u.tlog
d:\buaa\junior\software project\qtguiapplication1\qtguiapplication1\x64\debug\qtguiapp.5400f49f.tlog\uic.write.1u.tlog
